#
# A fatal error has been detected by the Java Runtime Environment:
#
#  EXCEPTION_ACCESS_VIOLATION (0xc0000005) at pc=0x00000000556abc50, pid=5988, tid=0x0000000000001a70
#
# JRE version: Java(TM) SE Runtime Environment (8.0_102-b14) (build 1.8.0_102-b14)
# Java VM: Java HotSpot(TM) 64-Bit Server VM (25.102-b14 mixed mode windows-amd64 compressed oops)
# Problematic frame:
# V  [jvm.dll+0x23bc50]
#
# Failed to write core dump. Minidumps are not enabled by default on client versions of Windows
#
# If you would like to submit a bug report, please visit:
#   http://bugreport.java.com/bugreport/crash.jsp
#

---------------  T H R E A D  ---------------

Current thread (0x000000000241e800):  JavaThread "main" [_thread_in_vm, id=6768, stack(0x00000000026d0000,0x00000000027d0000)]

siginfo: ExceptionCode=0xc0000005, reading address 0x0000000000000101

Registers:
RAX=0x00000000027cc358, RBX=0x0000000000000069, RCX=0x000000000241e800, RDX=0x00000000e0c56200
RSP=0x00000000027cc2e0, RBP=0x0000000000000000, RSI=0x00000000e0c56200, RDI=0x000000000241e800
R8 =0x00000000027cc910, R9 =0x0000000000000000, R10=0x00000000027cc920, R11=0x0000000000000246
R12=0x0000000000000000, R13=0x0000007fffffff00, R14=0x000000001a4b7b20, R15=0x0000000016551c20
RIP=0x00000000556abc50, EFLAGS=0x0000000000010206

Top of Stack: (sp=0x00000000027cc2e0)
0x00000000027cc2e0:   0000000000000000 0000000055560c00
0x00000000027cc2f0:   0000000000000000 00000000027c2e00
0x00000000027cc300:   0000000000000000 00000000f6000000
0x00000000027cc310:   000000000000011a 00000000556867bd
0x00000000027cc320:   0000000000000100 000007fefd16132c
0x00000000027cc330:   0000000016554a60 0000000000000004
0x00000000027cc340:   00000000e0c56200 000000000241e800
0x00000000027cc350:   00000000027cc910 00000000556abd1f
0x00000000027cc360:   0000000000007fe8 0000000000000000
0x00000000027cc370:   000000001a5f9855 0000000000000000
0x00000000027cc380:   0000000000000000 000000001a5f973b
0x00000000027cc390:   0000000016551c20 000000001a4b7b20
0x00000000027cc3a0:   0000007fffffff00 0000000019e260c0
0x00000000027cc3b0:   00000000e0c56200 00000000556acda6
0x00000000027cc3c0:   00000000027cc910 00000000027cc630
0x00000000027cc3d0:   000000000241e800 0000000000007fe8 

Instructions: (pc=0x00000000556abc50)
0x00000000556abc30:   4c 8b b4 24 98 00 00 00 4c 8b ac 24 90 00 00 00
0x00000000556abc40:   4c 8b a4 24 88 00 00 00 48 8b b4 24 80 00 00 00
0x00000000556abc50:   48 8b 83 98 00 00 00 ff 8f 10 01 00 00 48 89 87
0x00000000556abc60:   08 01 00 00 48 8b 43 08 48 85 c0 74 24 4c 8d 0d 


Register to memory mapping:

RAX=0x00000000027cc358 is pointing into the stack for thread: 0x000000000241e800
RBX=0x0000000000000069 is an unknown value
RCX=0x000000000241e800 is a thread
RDX=0x00000000e0c56200 is an oop
sun.reflect.DelegatingClassLoader 
 - klass: 'sun/reflect/DelegatingClassLoader'
RSP=0x00000000027cc2e0 is pointing into the stack for thread: 0x000000000241e800
RBP=0x0000000000000000 is an unknown value
RSI=0x00000000e0c56200 is an oop
sun.reflect.DelegatingClassLoader 
 - klass: 'sun/reflect/DelegatingClassLoader'
RDI=0x000000000241e800 is a thread
R8 =0x00000000027cc910 is pointing into the stack for thread: 0x000000000241e800
R9 =0x0000000000000000 is an unknown value
R10=0x00000000027cc920 is pointing into the stack for thread: 0x000000000241e800
R11=0x0000000000000246 is an unknown value
R12=0x0000000000000000 is an unknown value
R13=0x0000007fffffff00 is an unknown value
R14=0x000000001a4b7b20 is an unknown value
R15=0x0000000016551c20 is an unknown value


Stack: [0x00000000026d0000,0x00000000027d0000],  sp=0x00000000027cc2e0,  free space=1008k
Native frames: (J=compiled Java code, j=interpreted, Vv=VM code, C=native code)

Java frames: (J=compiled Java code, j=interpreted, Vv=VM code)
j  sun.misc.Unsafe.defineClass(Ljava/lang/String;[BIILjava/lang/ClassLoader;Ljava/security/ProtectionDomain;)Ljava/lang/Class;+0
j  sun.reflect.ClassDefiner.defineClass(Ljava/lang/String;[BIILjava/lang/ClassLoader;)Ljava/lang/Class;+27
j  sun.reflect.MethodAccessorGenerator$1.run()Lsun/reflect/MagicAccessorImpl;+21
j  sun.reflect.MethodAccessorGenerator$1.run()Ljava/lang/Object;+1
v  ~StubRoutines::call_stub
j  java.security.AccessController.doPrivileged(Ljava/security/PrivilegedAction;)Ljava/lang/Object;+0
j  sun.reflect.MethodAccessorGenerator.generate(Ljava/lang/Class;Ljava/lang/String;[Ljava/lang/Class;Ljava/lang/Class;[Ljava/lang/Class;IZZLjava/lang/Class;)Lsun/reflect/MagicAccessorImpl;+755
j  sun.reflect.MethodAccessorGenerator.generateConstructor(Ljava/lang/Class;[Ljava/lang/Class;[Ljava/lang/Class;I)Lsun/reflect/ConstructorAccessor;+14
j  sun.reflect.NativeConstructorAccessorImpl.newInstance([Ljava/lang/Object;)Ljava/lang/Object;+65
j  sun.reflect.DelegatingConstructorAccessorImpl.newInstance([Ljava/lang/Object;)Ljava/lang/Object;+5
j  java.lang.reflect.Constructor.newInstance([Ljava/lang/Object;)Ljava/lang/Object;+79
j  sun.nio.ch.Util.newMappedByteBufferR(IJLjava/io/FileDescriptor;Ljava/lang/Runnable;)Ljava/nio/MappedByteBuffer;+47
j  sun.nio.ch.FileChannelImpl.map(Ljava/nio/channels/FileChannel$MapMode;JJ)Ljava/nio/MappedByteBuffer;+690
j  sun.nio.ch.FileChannelImpl.transferToTrustedChannel(JJLjava/nio/channels/WritableByteChannel;)J+51
j  sun.nio.ch.FileChannelImpl.transferTo(JJLjava/nio/channels/WritableByteChannel;)J+154
j  org.openqa.selenium.io.FileHandler.copyFile(Ljava/io/File;Ljava/io/File;Lorg/openqa/selenium/io/FileHandler$Filter;)V+57
j  org.openqa.selenium.io.FileHandler.copy(Ljava/io/File;Ljava/io/File;Lorg/openqa/selenium/io/FileHandler$Filter;)V+27
j  org.openqa.selenium.io.FileHandler.copyDir(Ljava/io/File;Ljava/io/File;Lorg/openqa/selenium/io/FileHandler$Filter;)V+121
j  org.openqa.selenium.io.FileHandler.copy(Ljava/io/File;Ljava/io/File;Lorg/openqa/selenium/io/FileHandler$Filter;)V+18
j  org.openqa.selenium.io.FileHandler.copyDir(Ljava/io/File;Ljava/io/File;Lorg/openqa/selenium/io/FileHandler$Filter;)V+121
j  org.openqa.selenium.io.FileHandler.copy(Ljava/io/File;Ljava/io/File;Lorg/openqa/selenium/io/FileHandler$Filter;)V+18
j  org.openqa.selenium.io.FileHandler.copy(Ljava/io/File;Ljava/io/File;)V+10
j  org.openqa.selenium.firefox.internal.FileExtension.writeTo(Ljava/io/File;)V+135
j  org.openqa.selenium.firefox.internal.ClasspathExtension.writeTo(Ljava/io/File;)V+131
j  org.openqa.selenium.firefox.FirefoxProfile.installExtensions(Ljava/io/File;)V+49
j  org.openqa.selenium.firefox.FirefoxProfile.layoutOnDisk()Ljava/io/File;+33
j  org.openqa.selenium.firefox.internal.NewProfileExtensionConnection.start()V+51
j  org.openqa.selenium.firefox.FirefoxDriver.startClient()V+34
j  org.openqa.selenium.remote.RemoteWebDriver.<init>(Lorg/openqa/selenium/remote/CommandExecutor;Lorg/openqa/selenium/Capabilities;Lorg/openqa/selenium/Capabilities;)V+70
j  org.openqa.selenium.firefox.FirefoxDriver.<init>(Lorg/openqa/selenium/firefox/FirefoxBinary;Lorg/openqa/selenium/firefox/FirefoxProfile;Lorg/openqa/selenium/Capabilities;Lorg/openqa/selenium/Capabilities;)V+48
j  org.openqa.selenium.firefox.FirefoxDriver.<init>(Lorg/openqa/selenium/firefox/FirefoxBinary;Lorg/openqa/selenium/firefox/FirefoxProfile;Lorg/openqa/selenium/Capabilities;)V+5
j  org.openqa.selenium.firefox.FirefoxDriver.<init>(Lorg/openqa/selenium/firefox/FirefoxBinary;Lorg/openqa/selenium/firefox/FirefoxProfile;)V+6
j  org.openqa.selenium.firefox.FirefoxDriver.<init>()V+9
j  first.VotingSystem.test3.<init>()V+9
v  ~StubRoutines::call_stub
j  sun.reflect.NativeConstructorAccessorImpl.newInstance0(Ljava/lang/reflect/Constructor;[Ljava/lang/Object;)Ljava/lang/Object;+0
j  sun.reflect.NativeConstructorAccessorImpl.newInstance([Ljava/lang/Object;)Ljava/lang/Object;+85
j  sun.reflect.DelegatingConstructorAccessorImpl.newInstance([Ljava/lang/Object;)Ljava/lang/Object;+5
j  java.lang.reflect.Constructor.newInstance([Ljava/lang/Object;)Ljava/lang/Object;+79
j  org.junit.runners.BlockJUnit4ClassRunner.createTest()Ljava/lang/Object;+11
j  org.junit.runners.BlockJUnit4ClassRunner$1.runReflectiveCall()Ljava/lang/Object;+4
j  org.junit.internal.runners.model.ReflectiveCallable.run()Ljava/lang/Object;+1
j  org.junit.runners.BlockJUnit4ClassRunner.methodBlock(Lorg/junit/runners/model/FrameworkMethod;)Lorg/junit/runners/model/Statement;+8
j  org.junit.runners.BlockJUnit4ClassRunner.runChild(Lorg/junit/runners/model/FrameworkMethod;Lorg/junit/runner/notification/RunNotifier;)V+25
j  org.junit.runners.BlockJUnit4ClassRunner.runChild(Ljava/lang/Object;Lorg/junit/runner/notification/RunNotifier;)V+6
j  org.junit.runners.ParentRunner$3.run()V+12
j  org.junit.runners.ParentRunner$1.schedule(Ljava/lang/Runnable;)V+1
j  org.junit.runners.ParentRunner.runChildren(Lorg/junit/runner/notification/RunNotifier;)V+44
j  org.junit.runners.ParentRunner.access$000(Lorg/junit/runners/ParentRunner;Lorg/junit/runner/notification/RunNotifier;)V+2
j  org.junit.runners.ParentRunner$2.evaluate()V+8
j  org.junit.runners.ParentRunner.run(Lorg/junit/runner/notification/RunNotifier;)V+20
j  org.eclipse.jdt.internal.junit4.runner.JUnit4TestReference.run(Lorg/eclipse/jdt/internal/junit/runner/TestExecution;)V+72
j  org.eclipse.jdt.internal.junit.runner.TestExecution.run([Lorg/eclipse/jdt/internal/junit/runner/ITestReference;)V+17
j  org.eclipse.jdt.internal.junit.runner.RemoteTestRunner.runTests([Ljava/lang/String;Ljava/lang/String;Lorg/eclipse/jdt/internal/junit/runner/TestExecution;)V+61
j  org.eclipse.jdt.internal.junit.runner.RemoteTestRunner.runTests(Lorg/eclipse/jdt/internal/junit/runner/TestExecution;)V+10
j  org.eclipse.jdt.internal.junit.runner.RemoteTestRunner.run()V+70
j  org.eclipse.jdt.internal.junit.runner.RemoteTestRunner.main([Ljava/lang/String;)V+14
v  ~StubRoutines::call_stub

---------------  P R O C E S S  ---------------

Java Threads: ( => current thread )
  0x0000000019888000 JavaThread "ReaderThread" [_thread_in_native, id=6948, stack(0x000000001a2f0000,0x000000001a3f0000)]
  0x00000000179b1000 JavaThread "Service Thread" daemon [_thread_blocked, id=6944, stack(0x0000000019080000,0x0000000019180000)]
  0x0000000017931800 JavaThread "C1 CompilerThread3" daemon [_thread_blocked, id=6808, stack(0x0000000019580000,0x0000000019680000)]
  0x0000000017927800 JavaThread "C2 CompilerThread2" daemon [_thread_blocked, id=6936, stack(0x0000000019430000,0x0000000019530000)]
  0x000000001791b000 JavaThread "C2 CompilerThread1" daemon [_thread_in_native, id=6932, stack(0x0000000019240000,0x0000000019340000)]
  0x00000000178ff000 JavaThread "C2 CompilerThread0" daemon [_thread_in_native, id=6928, stack(0x0000000018f60000,0x0000000019060000)]
  0x00000000178fe000 JavaThread "Attach Listener" daemon [_thread_blocked, id=6924, stack(0x0000000018850000,0x0000000018950000)]
  0x0000000017908800 JavaThread "Signal Dispatcher" daemon [_thread_blocked, id=6904, stack(0x0000000018e40000,0x0000000018f40000)]
  0x000000001673f800 JavaThread "Finalizer" daemon [_thread_blocked, id=6848, stack(0x0000000018d00000,0x0000000018e00000)]
  0x0000000016738800 JavaThread "Reference Handler" daemon [_thread_blocked, id=6840, stack(0x0000000018b30000,0x0000000018c30000)]
=>0x000000000241e800 JavaThread "main" [_thread_in_vm, id=6768, stack(0x00000000026d0000,0x00000000027d0000)]

Other Threads:
  0x00000000178b2000 VMThread [stack: 0x0000000018980000,0x0000000018a80000] [id=6844]
  0x00000000179e8000 WatcherThread [stack: 0x00000000196c0000,0x00000000197c0000] [id=6952]

VM state:not at safepoint (normal execution)

VM Mutex/Monitor currently owned by a thread: None

Heap:
 PSYoungGen      total 28672K, used 8752K [0x00000000e0800000, 0x00000000e2800000, 0x0000000100000000)
  eden space 24576K, 19% used [0x00000000e0800000,0x00000000e0c8fa40,0x00000000e2000000)
  from space 4096K, 99% used [0x00000000e2000000,0x00000000e23fc7a0,0x00000000e2400000)
  to   space 4096K, 0% used [0x00000000e2400000,0x00000000e2400000,0x00000000e2800000)
 ParOldGen       total 65536K, used 671K [0x00000000a1800000, 0x00000000a5800000, 0x00000000e0800000)
  object space 65536K, 1% used [0x00000000a1800000,0x00000000a18a7e38,0x00000000a5800000)
 Metaspace       used 10894K, capacity 11002K, committed 11264K, reserved 1058816K
  class space    used 1390K, capacity 1428K, committed 1536K, reserved 1048576K

Card table byte_map: [0x0000000011b90000,0x0000000011e90000] byte_map_base: 0x0000000011684000

Marking Bits: (ParMarkBitMap*) 0x0000000055c8a6c0
 Begin Bits: [0x0000000012b10000, 0x00000000142b0000)
 End Bits:   [0x00000000142b0000, 0x0000000015a50000)

Polling page: 0x0000000000420000

CodeCache: size=245760Kb used=2681Kb max_used=2681Kb free=243078Kb
 bounds [0x00000000027d0000, 0x0000000002a80000, 0x00000000117d0000]
 total_blobs=946 nmethods=609 adapters=250
 compilation: enabled

Compilation events (10 events):
Event: 0.855 Thread 0x0000000017931800  608       1       java.nio.channels.spi.AbstractInterruptibleChannel::isOpen (5 bytes)
Event: 0.855 Thread 0x0000000017931800 nmethod 608 0x0000000002a6ddd0 code [0x0000000002a6df20, 0x0000000002a6e030]
Event: 0.860 Thread 0x0000000017931800  609       3       sun.reflect.ClassFileAssembler::emitShort (24 bytes)
Event: 0.860 Thread 0x0000000017931800 nmethod 609 0x0000000002a6d710 code [0x0000000002a6d8a0, 0x0000000002a6dbd8]
Event: 0.860 Thread 0x0000000017931800  610       3       sun.reflect.ClassFileAssembler::cpi (22 bytes)
Event: 0.860 Thread 0x0000000017931800 nmethod 610 0x0000000002a6d290 code [0x0000000002a6d400, 0x0000000002a6d648]
Event: 0.860 Thread 0x0000000017931800  612       3       sun.reflect.ByteVectorImpl::getLength (7 bytes)
Event: 0.860 Thread 0x0000000017931800 nmethod 612 0x0000000002a6cf90 code [0x0000000002a6d0e0, 0x0000000002a6d230]
Event: 0.860 Thread 0x0000000017931800  611       3       java.util.ArrayList::grow (45 bytes)
Event: 0.860 Thread 0x0000000017931800 nmethod 611 0x0000000002a70190 code [0x0000000002a70320, 0x0000000002a70818]

GC Heap History (2 events):
Event: 0.776 GC heap before
{Heap before GC invocations=1 (full 0):
 PSYoungGen      total 28672K, used 24576K [0x00000000e0800000, 0x00000000e2800000, 0x0000000100000000)
  eden space 24576K, 100% used [0x00000000e0800000,0x00000000e2000000,0x00000000e2000000)
  from space 4096K, 0% used [0x00000000e2400000,0x00000000e2400000,0x00000000e2800000)
  to   space 4096K, 0% used [0x00000000e2000000,0x00000000e2000000,0x00000000e2400000)
 ParOldGen       total 65536K, used 0K [0x00000000a1800000, 0x00000000a5800000, 0x00000000e0800000)
  object space 65536K, 0% used [0x00000000a1800000,0x00000000a1800000,0x00000000a5800000)
 Metaspace       used 9928K, capacity 10068K, committed 10240K, reserved 1058816K
  class space    used 1239K, capacity 1267K, committed 1280K, reserved 1048576K
Event: 0.781 GC heap after
Heap after GC invocations=1 (full 0):
 PSYoungGen      total 28672K, used 4081K [0x00000000e0800000, 0x00000000e2800000, 0x0000000100000000)
  eden space 24576K, 0% used [0x00000000e0800000,0x00000000e0800000,0x00000000e2000000)
  from space 4096K, 99% used [0x00000000e2000000,0x00000000e23fc7a0,0x00000000e2400000)
  to   space 4096K, 0% used [0x00000000e2400000,0x00000000e2400000,0x00000000e2800000)
 ParOldGen       total 65536K, used 671K [0x00000000a1800000, 0x00000000a5800000, 0x00000000e0800000)
  object space 65536K, 1% used [0x00000000a1800000,0x00000000a18a7e38,0x00000000a5800000)
 Metaspace       used 9928K, capacity 10068K, committed 10240K, reserved 1058816K
  class space    used 1239K, capacity 1267K, committed 1280K, reserved 1048576K
}

Deoptimization events (4 events):
Event: 0.100 Thread 0x000000000241e800 Uncommon trap: reason=unstable_if action=reinterpret pc=0x00000000028f60b8 method=java.lang.String.hashCode()I @ 14
Event: 0.187 Thread 0x000000000241e800 Uncommon trap: reason=unstable_if action=reinterpret pc=0x00000000029305e8 method=java.lang.String.startsWith(Ljava/lang/String;I)Z @ 25
Event: 0.514 Thread 0x000000000241e800 Uncommon trap: reason=unstable_if action=reinterpret pc=0x0000000002a11594 method=java.io.WinNTFileSystem.normalize(Ljava/lang/String;)Ljava/lang/String; @ 128
Event: 0.749 Thread 0x000000000241e800 Uncommon trap: reason=unstable_if action=reinterpret pc=0x00000000029e9d94 method=java.lang.AbstractStringBuilder.append(Ljava/lang/String;)Ljava/lang/AbstractStringBuilder; @ 1

Internal exceptions (10 events):
Event: 0.089 Thread 0x000000000241e800 Exception <a 'java/security/PrivilegedActionException'> (0x00000000e08c5378) thrown at [C:\re\workspace\8-2-build-windows-amd64-cygwin\jdk8u102\7268\hotspot\src\share\vm\prims\jvm.cpp, line 1386]
Event: 0.089 Thread 0x000000000241e800 Exception <a 'java/security/PrivilegedActionException'> (0x00000000e08c5588) thrown at [C:\re\workspace\8-2-build-windows-amd64-cygwin\jdk8u102\7268\hotspot\src\share\vm\prims\jvm.cpp, line 1386]
Event: 0.090 Thread 0x000000000241e800 Exception <a 'java/security/PrivilegedActionException'> (0x00000000e08ccf30) thrown at [C:\re\workspace\8-2-build-windows-amd64-cygwin\jdk8u102\7268\hotspot\src\share\vm\prims\jvm.cpp, line 1386]
Event: 0.090 Thread 0x000000000241e800 Exception <a 'java/security/PrivilegedActionException'> (0x00000000e08cd140) thrown at [C:\re\workspace\8-2-build-windows-amd64-cygwin\jdk8u102\7268\hotspot\src\share\vm\prims\jvm.cpp, line 1386]
Event: 0.236 Thread 0x000000000241e800 Exception <a 'java/security/PrivilegedActionException'> (0x00000000e0e02b38) thrown at [C:\re\workspace\8-2-build-windows-amd64-cygwin\jdk8u102\7268\hotspot\src\share\vm\prims\jvm.cpp, line 1386]
Event: 0.236 Thread 0x000000000241e800 Exception <a 'java/security/PrivilegedActionException'> (0x00000000e0e02f30) thrown at [C:\re\workspace\8-2-build-windows-amd64-cygwin\jdk8u102\7268\hotspot\src\share\vm\prims\jvm.cpp, line 1386]
Event: 0.237 Thread 0x000000000241e800 Exception <a 'java/security/PrivilegedActionException'> (0x00000000e0e071e8) thrown at [C:\re\workspace\8-2-build-windows-amd64-cygwin\jdk8u102\7268\hotspot\src\share\vm\prims\jvm.cpp, line 1386]
Event: 0.237 Thread 0x000000000241e800 Exception <a 'java/security/PrivilegedActionException'> (0x00000000e0e075e0) thrown at [C:\re\workspace\8-2-build-windows-amd64-cygwin\jdk8u102\7268\hotspot\src\share\vm\prims\jvm.cpp, line 1386]
Event: 0.513 Thread 0x000000000241e800 Exception <a 'java/net/BindException': Address already in use: JVM_Bind> (0x00000000e15e5710) thrown at [C:\re\workspace\8-2-build-windows-amd64-cygwin\jdk8u102\7268\hotspot\src\share\vm\prims\jni.cpp, line 735]
Event: 0.749 Thread 0x000000000241e800 Implicit null exception at 0x00000000029e99d6 to 0x00000000029e9d79

Events (10 events):
Event: 0.846 loading class sun/nio/ch/Util
Event: 0.846 loading class sun/nio/ch/Util done
Event: 0.846 loading class sun/nio/ch/Util$2
Event: 0.846 loading class sun/nio/ch/Util$2 done
Event: 0.846 loading class sun/nio/ch/Util$1
Event: 0.846 loading class sun/nio/ch/Util$1 done
Event: 0.846 loading class sun/nio/ch/Util$5
Event: 0.846 loading class sun/nio/ch/Util$5 done
Event: 0.846 loading class java/nio/DirectByteBufferR
Event: 0.847 loading class java/nio/DirectByteBufferR done


Dynamic libraries:
0x000000013f6b0000 - 0x000000013f6e7000 	C:\Program Files\Java\jdk1.8.0_102\bin\javaw.exe
0x0000000077060000 - 0x0000000077209000 	C:\Windows\SYSTEM32\ntdll.dll
0x0000000076f40000 - 0x000000007705f000 	C:\Windows\system32\kernel32.dll
0x000007fefd160000 - 0x000007fefd1cb000 	C:\Windows\system32\KERNELBASE.dll
0x000007fefd380000 - 0x000007fefd45b000 	C:\Windows\system32\ADVAPI32.dll
0x000007fefd5a0000 - 0x000007fefd63f000 	C:\Windows\system32\msvcrt.dll
0x000007fefec60000 - 0x000007fefec7f000 	C:\Windows\SYSTEM32\sechost.dll
0x000007fefef90000 - 0x000007feff0bd000 	C:\Windows\system32\RPCRT4.dll
0x0000000076e40000 - 0x0000000076f3a000 	C:\Windows\system32\USER32.dll
0x000007fefeea0000 - 0x000007fefef07000 	C:\Windows\system32\GDI32.dll
0x000007fefee80000 - 0x000007fefee8e000 	C:\Windows\system32\LPK.dll
0x000007fefec80000 - 0x000007fefed49000 	C:\Windows\system32\USP10.dll
0x000007fefb9f0000 - 0x000007fefbbe4000 	C:\Windows\WinSxS\amd64_microsoft.windows.common-controls_6595b64144ccf1df_6.0.7601.17514_none_fa396087175ac9ac\COMCTL32.dll
0x000007fefef10000 - 0x000007fefef81000 	C:\Windows\system32\SHLWAPI.dll
0x000007fefe920000 - 0x000007fefe94e000 	C:\Windows\system32\IMM32.DLL
0x000007fefd900000 - 0x000007fefda09000 	C:\Windows\system32\MSCTF.dll
0x000007fefcf70000 - 0x000007fefcfa2000 	C:\Windows\system32\nvinitx.dll
0x000007fefcf60000 - 0x000007fefcf6c000 	C:\Windows\system32\VERSION.dll
0x0000000074c20000 - 0x0000000074c26000 	C:\Program Files\NVIDIA Corporation\CoProcManager\detoured.dll
0x000007fefaaa0000 - 0x000007fefaad8000 	C:\Program Files\NVIDIA Corporation\CoProcManager\nvd3d9wrapx.dll
0x000007fefe9a0000 - 0x000007fefeb77000 	C:\Windows\system32\SETUPAPI.dll
0x000007fefd340000 - 0x000007fefd376000 	C:\Windows\system32\CFGMGR32.dll
0x000007fefeb80000 - 0x000007fefec57000 	C:\Windows\system32\OLEAUT32.dll
0x000007feff0c0000 - 0x000007feff2c3000 	C:\Windows\system32\ole32.dll
0x000007fefd140000 - 0x000007fefd15a000 	C:\Windows\system32\DEVOBJ.dll
0x000007fefaa70000 - 0x000007fefaa94000 	C:\Program Files\NVIDIA Corporation\CoProcManager\nvdxgiwrapx.dll
0x00000000700b0000 - 0x0000000070181000 	C:\Program Files\Java\jdk1.8.0_102\jre\bin\msvcr100.dll
0x0000000055470000 - 0x0000000055d0a000 	C:\Program Files\Java\jdk1.8.0_102\jre\bin\server\jvm.dll
0x000007fefb880000 - 0x000007fefb889000 	C:\Windows\system32\WSOCK32.dll
0x000007fefe950000 - 0x000007fefe99d000 	C:\Windows\system32\WS2_32.dll
0x000007fefee90000 - 0x000007fefee98000 	C:\Windows\system32\NSI.dll
0x000007fefa330000 - 0x000007fefa36b000 	C:\Windows\system32\WINMM.dll
0x0000000077220000 - 0x0000000077227000 	C:\Windows\system32\PSAPI.DLL
0x0000000072f70000 - 0x0000000072f7f000 	C:\Program Files\Java\jdk1.8.0_102\jre\bin\verify.dll
0x0000000071670000 - 0x0000000071699000 	C:\Program Files\Java\jdk1.8.0_102\jre\bin\java.dll
0x0000000072d80000 - 0x0000000072d96000 	C:\Program Files\Java\jdk1.8.0_102\jre\bin\zip.dll
0x000007fefdb90000 - 0x000007fefe918000 	C:\Windows\system32\SHELL32.dll
0x000007fefcfb0000 - 0x000007fefcfbf000 	C:\Windows\system32\profapi.dll
0x0000000072d40000 - 0x0000000072d5a000 	C:\Program Files\Java\jdk1.8.0_102\jre\bin\net.dll
0x000007fefc790000 - 0x000007fefc7e5000 	C:\Windows\system32\mswsock.dll
0x000007fefc780000 - 0x000007fefc787000 	C:\Windows\System32\wship6.dll
0x000007fefc170000 - 0x000007fefc177000 	C:\Windows\System32\wshtcpip.dll
0x000007fefc610000 - 0x000007fefc66b000 	C:\Windows\system32\DNSAPI.dll
0x000007fefa150000 - 0x000007fefa177000 	C:\Windows\system32\IPHLPAPI.DLL
0x000007fefa140000 - 0x000007fefa14b000 	C:\Windows\system32\WINNSI.DLL
0x000007fef6840000 - 0x000007fef6848000 	C:\Windows\system32\rasadhlp.dll
0x000007fef8ab0000 - 0x000007fef8b03000 	C:\Windows\System32\fwpuclnt.dll
0x000007fef8a30000 - 0x000007fef8a48000 	C:\Windows\system32\dhcpcsvc.DLL
0x000007fef8a10000 - 0x000007fef8a21000 	C:\Windows\system32\dhcpcsvc6.DLL
0x000007fefc7f0000 - 0x000007fefc807000 	C:\Windows\system32\CRYPTSP.dll
0x000007fefc4f0000 - 0x000007fefc537000 	C:\Windows\system32\rsaenh.dll
0x000007fefc2a0000 - 0x000007fefc2be000 	C:\Windows\system32\USERENV.dll
0x000007fefce90000 - 0x000007fefce9f000 	C:\Windows\system32\CRYPTBASE.dll
0x0000000071640000 - 0x0000000071651000 	C:\Program Files\Java\jdk1.8.0_102\jre\bin\nio.dll
0x000007fef51f0000 - 0x000007fef5315000 	C:\Windows\system32\dbghelp.dll

VM Arguments:
jvm_args: -ea -Dfile.encoding=UTF-8 
java_command: org.eclipse.jdt.internal.junit.runner.RemoteTestRunner -version 3 -port 49754 -testLoaderClass org.eclipse.jdt.internal.junit4.runner.JUnit4TestLoader -loaderpluginname org.eclipse.jdt.junit4.runtime -classNames first.VotingSystem.test3
java_class_path (initial): C:\Users\Mindaug4s\workspace\VotingSystem\target\test-classes;C:\Users\Mindaug4s\workspace\VotingSystem\target\classes;C:\Users\Mindaug4s\.p2\pool\plugins\org.junit_4.12.0.v201504281640\junit.jar;C:\Users\Mindaug4s\.p2\pool\plugins\org.hamcrest.core_1.3.0.v201303031735.jar;C:\Users\Mindaug4s\.m2\repository\org\seleniumhq\selenium\selenium-java\2.53.1\selenium-java-2.53.1.jar;C:\Users\Mindaug4s\.m2\repository\org\seleniumhq\selenium\selenium-chrome-driver\2.53.1\selenium-chrome-driver-2.53.1.jar;C:\Users\Mindaug4s\.m2\repository\org\seleniumhq\selenium\selenium-remote-driver\2.53.1\selenium-remote-driver-2.53.1.jar;C:\Users\Mindaug4s\.m2\repository\cglib\cglib-nodep\2.1_3\cglib-nodep-2.1_3.jar;C:\Users\Mindaug4s\.m2\repository\com\google\code\gson\gson\2.3.1\gson-2.3.1.jar;C:\Users\Mindaug4s\.m2\repository\org\seleniumhq\selenium\selenium-api\2.53.1\selenium-api-2.53.1.jar;C:\Users\Mindaug4s\.m2\repository\org\apache\httpcomponents\httpclient\4.5.1\httpclient-4.5.1.jar;C:\Users\Mindaug4s\.m2\repository\org\apache\httpcomponents\httpcore\4.4.3\httpcore-4.4.3.jar;C:\Users\Mindaug4s\.m2\repository\com\google\guava\guava\19.0\guava-19.0.jar;C:\Users\Mindaug4s\.m2\repository\org\seleniumhq\selenium\selenium-edge-driver\2.53.1\selenium-edge-driver-2.53.1.jar;C:\Users\Mindaug4s\.m2\repository\commons-io\commons-io\2.4\commons-io-2.4.jar;C:\Users\Mindaug4s\.m2\repository\org\apache\commons\commons-exec\1.3\commons-exec-1.3.jar;C:\Users\Mindaug4s\.m2\repository\org\seleniumhq\selenium\htmlunit-driver\2.21\htmlunit-driver-2.21.jar;C:\Users\Mindaug4s\.m2\repository\net\sourceforge\htmlunit\htmlunit\2.21\htmlunit-2.21.jar;C:\Users\Mindaug4s\.m2\repository\xalan\xalan\2.7.2\xalan-2.7.2.jar;C:\Users\Mindaug4s\.m2\repository\xalan\serializer\2.7.2\serializer-2.7.2.jar;C:\Users\Mindaug4s\.m2\repository\org\apache\commons\commons-lang3\3.4\commons-lang3-3.4.jar;C:\Users\Mindaug4s\.m2\repository\org\apache\httpcomponents\httpmime\4.5.2\httpmime-4.5.2.jar;C
Launcher Type: SUN_STANDARD

Environment Variables:
JAVA_HOME=C:\Program Files\Java\jdk1.8.0_102
PATH=C:/Program Files/Java/jre1.8.0_101/bin/server;C:/Program Files/Java/jre1.8.0_101/bin;C:/Program Files/Java/jre1.8.0_101/lib/amd64;C:\ProgramData\Oracle\Java\javapath;C:\Windows\system32;C:\Windows;C:\Windows\System32\Wbem;C:\Windows\System32\WindowsPowerShell\v1.0\;C:\Program Files (x86)\Intel\OpenCL SDK\2.0\bin\x86;C:\Program Files (x86)\Intel\OpenCL SDK\2.0\bin\x64;C:\Program Files (x86)\NVIDIA Corporation\PhysX\Common;C:\Program Files (x86)\Skype\Phone\;C:\apache-maven-3.3.9/bin;C:\Program Files\Java\jdk1.8.0_102/bin;C:\Program Files\nodejs\;C:\Program Files\Git\cmd;C:\Users\Mindaug4s\AppData\Roaming\npm;C:\Users\Mindaug4s\Desktop;
USERNAME=Mindaug4s
OS=Windows_NT
PROCESSOR_IDENTIFIER=Intel64 Family 6 Model 58 Stepping 9, GenuineIntel



---------------  S Y S T E M  ---------------

OS: Windows 7 , 64 bit Build 7601 (6.1.7601.17514)

CPU:total 8 (4 cores per cpu, 2 threads per core) family 6 model 58 stepping 9, cmov, cx8, fxsr, mmx, sse, sse2, sse3, ssse3, sse4.1, sse4.2, popcnt, avx, aes, clmul, erms, ht, tsc, tscinvbit, tscinv

Memory: 4k page, physical 6185928k(638268k free), swap 12370012k(5853672k free)

vm_info: Java HotSpot(TM) 64-Bit Server VM (25.102-b14) for windows-amd64 JRE (1.8.0_102-b14), built on Jun 22 2016 13:15:21 by "java_re" with MS VC++ 10.0 (VS2010)

time: Fri Feb 17 11:17:16 2017
elapsed time: 0 seconds (0d 0h 0m 0s)

